<?xml version="1.0" encoding="UTF-8"?>
<!-- Generated by org.testng.reporters.JUnitReportReporter -->
<testsuite skipped="0" hostname="DESKTOP-VC0QAA4" name="qaclickacademy.RestAPITest" tests="2" failures="0" timestamp="2021-07-29T23:28:48 IST" time="0.002" errors="0">
  <testcase name="posJira" time="0.002" classname="qaclickacademy.RestAPITest"/>
  <system-out/>
  <testcase name="deleteTwitter" time="0.000" classname="qaclickacademy.RestAPITest"/>
  <system-out/>
</testsuite> <!-- qaclickacademy.RestAPITest -->
