<?xml version="1.0" encoding="UTF-8"?>
<!-- Generated by org.testng.reporters.JUnitReportReporter -->
<testsuite skipped="0" hostname="DESKTOP-VC0QAA4" name="qaclickacademy.AppiumTest" tests="2" failures="0" timestamp="2021-07-29T23:28:48 IST" time="0.008" errors="0">
  <testcase name="nativeAppAndroid" time="0.001" classname="qaclickacademy.AppiumTest"/>
  <system-out/>
  <testcase name="IOSapps" time="0.007" classname="qaclickacademy.AppiumTest"/>
  <system-out/>
</testsuite> <!-- qaclickacademy.AppiumTest -->
